# JRE version: OpenJDK Runtime Environment (8.0_312-b07) (build 1.8.0_312-b07)
# Java VM: OpenJDK 64-Bit Server VM (25.312-b07 mixed mode windows-amd64 compressed oops)
Heap:
 PSYoungGen      total 113664K, used 25022K [0x00000000f5580000, 0x00000000ffd00000, 0x0000000100000000)
  eden space 58880K, 41% used [0x00000000f5580000,0x00000000f6d779c0,0x00000000f8f00000)
  from space 54784K, 0% used [0x00000000fc780000,0x00000000fc7f8020,0x00000000ffd00000)
  to   space 56320K, 0% used [0x00000000f8f00000,0x00000000f8f00000,0x00000000fc600000)
 ParOldGen       total 349696K, used 317410K [0x00000000e0000000, 0x00000000f5580000, 0x00000000f5580000)
  object space 349696K, 90% used [0x00000000e0000000,0x00000000f35f88f0,0x00000000f5580000)
 Metaspace       used 145477K, capacity 156106K, committed 156352K, reserved 1185792K
  class space    used 18932K, capacity 20838K, committed 20928K, reserved 1048576K
GC Heap History (10 events):
Event: 25468.352 GC heap before
{Heap before GC invocations=166 (full 13):
 PSYoungGen      total 116736K, used 75741K [0x00000000f5580000, 0x0000000100000000, 0x0000000100000000)
  eden space 58880K, 100% used [0x00000000f5580000,0x00000000f8f00000,0x00000000f8f00000)
  from space 57856K, 29% used [0x00000000f8f00000,0x00000000f9f777d0,0x00000000fc780000)
  to   space 57856K, 0% used [0x00000000fc780000,0x00000000fc780000,0x0000000100000000)
 ParOldGen       total 349696K, used 310256K [0x00000000e0000000, 0x00000000f5580000, 0x00000000f5580000)
  object space 349696K, 88% used [0x00000000e0000000,0x00000000f2efc370,0x00000000f5580000)
 Metaspace       used 144857K, capacity 155354K, committed 156096K, reserved 1183744K
  class space    used 18846K, capacity 20728K, committed 20928K, reserved 1048576K
Event: 25468.358 GC heap after
Heap after GC invocations=166 (full 13):
 PSYoungGen      total 116736K, used 5490K [0x00000000f5580000, 0x0000000100000000, 0x0000000100000000)
  eden space 58880K, 0% used [0x00000000f5580000,0x00000000f5580000,0x00000000f8f00000)
  from space 57856K, 9% used [0x00000000fc780000,0x00000000fccdcb28,0x0000000100000000)
  to   space 57856K, 0% used [0x00000000f8f00000,0x00000000f8f00000,0x00000000fc780000)
 ParOldGen       total 349696K, used 313824K [0x00000000e0000000, 0x00000000f5580000, 0x00000000f5580000)
  object space 349696K, 89% used [0x00000000e0000000,0x00000000f3278078,0x00000000f5580000)
 Metaspace       used 144857K, capacity 155354K, committed 156096K, reserved 1183744K
  class space    used 18846K, capacity 20728K, committed 20928K, reserved 1048576K
}
Event: 25469.104 GC heap before
{Heap before GC invocations=167 (full 13):
 PSYoungGen      total 116736K, used 64370K [0x00000000f5580000, 0x0000000100000000, 0x0000000100000000)
  eden space 58880K, 100% used [0x00000000f5580000,0x00000000f8f00000,0x00000000f8f00000)
  from space 57856K, 9% used [0x00000000fc780000,0x00000000fccdcb28,0x0000000100000000)
  to   space 57856K, 0% used [0x00000000f8f00000,0x00000000f8f00000,0x00000000fc780000)
 ParOldGen       total 349696K, used 313824K [0x00000000e0000000, 0x00000000f5580000, 0x00000000f5580000)
  object space 349696K, 89% used [0x00000000e0000000,0x00000000f3278078,0x00000000f5580000)
 Metaspace       used 145101K, capacity 155610K, committed 156096K, reserved 1183744K
  class space    used 18885K, capacity 20740K, committed 20928K, reserved 1048576K
Event: 25469.109 GC heap after
Heap after GC invocations=167 (full 13):
 PSYoungGen      total 116736K, used 1062K [0x00000000f5580000, 0x0000000100000000, 0x0000000100000000)
  eden space 58880K, 0% used [0x00000000f5580000,0x00000000f5580000,0x00000000f8f00000)
  from space 57856K, 1% used [0x00000000f8f00000,0x00000000f9009870,0x00000000fc780000)
  to   space 57856K, 0% used [0x00000000fc780000,0x00000000fc780000,0x0000000100000000)
 ParOldGen       total 349696K, used 313984K [0x00000000e0000000, 0x00000000f5580000, 0x00000000f5580000)
  object space 349696K, 89% used [0x00000000e0000000,0x00000000f32a00a8,0x00000000f5580000)
 Metaspace       used 145101K, capacity 155610K, committed 156096K, reserved 1183744K
  class space    used 18885K, capacity 20740K, committed 20928K, reserved 1048576K
}
Event: 25851.328 GC heap before
{Heap before GC invocations=168 (full 13):
 PSYoungGen      total 116736K, used 59942K [0x00000000f5580000, 0x0000000100000000, 0x0000000100000000)
  eden space 58880K, 100% used [0x00000000f5580000,0x00000000f8f00000,0x00000000f8f00000)
  from space 57856K, 1% used [0x00000000f8f00000,0x00000000f9009870,0x00000000fc780000)
  to   space 57856K, 0% used [0x00000000fc780000,0x00000000fc780000,0x0000000100000000)
 ParOldGen       total 349696K, used 313984K [0x00000000e0000000, 0x00000000f5580000, 0x00000000f5580000)
  object space 349696K, 89% used [0x00000000e0000000,0x00000000f32a00a8,0x00000000f5580000)
 Metaspace       used 145363K, capacity 156042K, committed 156352K, reserved 1185792K
  class space    used 18931K, capacity 20838K, committed 20928K, reserved 1048576K
Event: 25853.621 GC heap after
Heap after GC invocations=168 (full 13):
 PSYoungGen      total 116736K, used 3344K [0x00000000f5580000, 0x0000000100000000, 0x0000000100000000)
  eden space 58880K, 0% used [0x00000000f5580000,0x00000000f5580000,0x00000000f8f00000)
  from space 57856K, 5% used [0x00000000fc780000,0x00000000fcac4010,0x0000000100000000)
  to   space 57856K, 0% used [0x00000000f8f00000,0x00000000f8f00000,0x00000000fc780000)
 ParOldGen       total 349696K, used 314393K [0x00000000e0000000, 0x00000000f5580000, 0x00000000f5580000)
  object space 349696K, 89% used [0x00000000e0000000,0x00000000f3306508,0x00000000f5580000)
 Metaspace       used 145363K, capacity 156042K, committed 156352K, reserved 1185792K
  class space    used 18931K, capacity 20838K, committed 20928K, reserved 1048576K
}
Event: 25856.362 GC heap before
{Heap before GC invocations=169 (full 13):
 PSYoungGen      total 116736K, used 62224K [0x00000000f5580000, 0x0000000100000000, 0x0000000100000000)
  eden space 58880K, 100% used [0x00000000f5580000,0x00000000f8f00000,0x00000000f8f00000)
  from space 57856K, 5% used [0x00000000fc780000,0x00000000fcac4010,0x0000000100000000)
  to   space 57856K, 0% used [0x00000000f8f00000,0x00000000f8f00000,0x00000000fc780000)
 ParOldGen       total 349696K, used 314393K [0x00000000e0000000, 0x00000000f5580000, 0x00000000f5580000)
  object space 349696K, 89% used [0x00000000e0000000,0x00000000f3306508,0x00000000f5580000)
 Metaspace       used 145364K, capacity 156042K, committed 156352K, reserved 1185792K
  class space    used 18932K, capacity 20838K, committed 20928K, reserved 1048576K
Event: 25857.185 GC heap after
Heap after GC invocations=169 (full 13):
 PSYoungGen      total 116736K, used 352K [0x00000000f5580000, 0x0000000100000000, 0x0000000100000000)
  eden space 58880K, 0% used [0x00000000f5580000,0x00000000f5580000,0x00000000f8f00000)
  from space 57856K, 0% used [0x00000000f8f00000,0x00000000f8f58000,0x00000000fc780000)
  to   space 57856K, 0% used [0x00000000fc780000,0x00000000fc780000,0x0000000100000000)
 ParOldGen       total 349696K, used 317290K [0x00000000e0000000, 0x00000000f5580000, 0x00000000f5580000)
  object space 349696K, 90% used [0x00000000e0000000,0x00000000f35da8e0,0x00000000f5580000)
 Metaspace       used 145364K, capacity 156042K, committed 156352K, reserved 1185792K
  class space    used 18932K, capacity 20838K, committed 20928K, reserved 1048576K
}
Event: 25858.151 GC heap before
{Heap before GC invocations=170 (full 13):
 PSYoungGen      total 116736K, used 59232K [0x00000000f5580000, 0x0000000100000000, 0x0000000100000000)
  eden space 58880K, 100% used [0x00000000f5580000,0x00000000f8f00000,0x00000000f8f00000)
  from space 57856K, 0% used [0x00000000f8f00000,0x00000000f8f58000,0x00000000fc780000)
  to   space 57856K, 0% used [0x00000000fc780000,0x00000000fc780000,0x0000000100000000)
 ParOldGen       total 349696K, used 317290K [0x00000000e0000000, 0x00000000f5580000, 0x00000000f5580000)
  object space 349696K, 90% used [0x00000000e0000000,0x00000000f35da8e0,0x00000000f5580000)
 Metaspace       used 145385K, capacity 156042K, committed 156352K, reserved 1185792K
  class space    used 18932K, capacity 20838K, committed 20928K, reserved 1048576K
Event: 25858.173 GC heap after
Heap after GC invocations=170 (full 13):
 PSYoungGen      total 113664K, used 480K [0x00000000f5580000, 0x00000000ffd00000, 0x0000000100000000)
  eden space 58880K, 0% used [0x00000000f5580000,0x00000000f5580000,0x00000000f8f00000)
  from space 54784K, 0% used [0x00000000fc780000,0x00000000fc7f8020,0x00000000ffd00000)
  to   space 56320K, 0% used [0x00000000f8f00000,0x00000000f8f00000,0x00000000fc600000)
 ParOldGen       total 349696K, used 317410K [0x00000000e0000000, 0x00000000f5580000, 0x00000000f5580000)
  object space 349696K, 90% used [0x00000000e0000000,0x00000000f35f88f0,0x00000000f5580000)
 Metaspace       used 145385K, capacity 156042K, committed 156352K, reserved 1185792K
  class space    used 18932K, capacity 20838K, committed 20928K, reserved 1048576K
}

