# JRE version: OpenJDK Runtime Environment (8.0_312-b07) (build 1.8.0_312-b07)
# Java VM: OpenJDK 64-Bit Server VM (25.312-b07 mixed mode windows-amd64 compressed oops)
Heap:
 PSYoungGen      total 157184K, used 132156K [0x00000000f5580000, 0x0000000100000000, 0x0000000100000000)
  eden space 139776K, 94% used [0x00000000f5580000,0x00000000fd68f0a0,0x00000000fde00000)
  from space 17408K, 0% used [0x00000000fde00000,0x00000000fde00000,0x00000000fef00000)
  to   space 17408K, 0% used [0x00000000fef00000,0x00000000fef00000,0x0000000100000000)
 ParOldGen       total 269824K, used 34281K [0x00000000e0000000, 0x00000000f0780000, 0x00000000f5580000)
  object space 269824K, 12% used [0x00000000e0000000,0x00000000e217a7f0,0x00000000f0780000)
 Metaspace       used 61253K, capacity 64428K, committed 64728K, reserved 1105920K
  class space    used 8448K, capacity 9133K, committed 9216K, reserved 1048576K
GC Heap History (10 events):
Event: 92.808 GC heap before
{Heap before GC invocations=8 (full 2):
 PSYoungGen      total 140288K, used 129536K [0x00000000f5580000, 0x0000000100000000, 0x0000000100000000)
  eden space 129536K, 100% used [0x00000000f5580000,0x00000000fd400000,0x00000000fd400000)
  from space 10752K, 0% used [0x00000000fd400000,0x00000000fd400000,0x00000000fde80000)
  to   space 15360K, 0% used [0x00000000ff100000,0x00000000ff100000,0x0000000100000000)
 ParOldGen       total 201728K, used 17140K [0x00000000e0000000, 0x00000000ec500000, 0x00000000f5580000)
  object space 201728K, 8% used [0x00000000e0000000,0x00000000e10bd0d8,0x00000000ec500000)
 Metaspace       used 39548K, capacity 41502K, committed 41600K, reserved 1085440K
  class space    used 5572K, capacity 5993K, committed 6016K, reserved 1048576K
Event: 92.983 GC heap after
Heap after GC invocations=8 (full 2):
 PSYoungGen      total 159744K, used 8551K [0x00000000f5580000, 0x0000000100000000, 0x0000000100000000)
  eden space 144384K, 0% used [0x00000000f5580000,0x00000000f5580000,0x00000000fe280000)
  from space 15360K, 55% used [0x00000000ff100000,0x00000000ff959f00,0x0000000100000000)
  to   space 14848K, 0% used [0x00000000fe280000,0x00000000fe280000,0x00000000ff100000)
 ParOldGen       total 201728K, used 17140K [0x00000000e0000000, 0x00000000ec500000, 0x00000000f5580000)
  object space 201728K, 8% used [0x00000000e0000000,0x00000000e10bd0d8,0x00000000ec500000)
 Metaspace       used 39548K, capacity 41502K, committed 41600K, reserved 1085440K
  class space    used 5572K, capacity 5993K, committed 6016K, reserved 1048576K
}
Event: 104.244 GC heap before
{Heap before GC invocations=9 (full 2):
 PSYoungGen      total 159744K, used 152935K [0x00000000f5580000, 0x0000000100000000, 0x0000000100000000)
  eden space 144384K, 100% used [0x00000000f5580000,0x00000000fe280000,0x00000000fe280000)
  from space 15360K, 55% used [0x00000000ff100000,0x00000000ff959f00,0x0000000100000000)
  to   space 14848K, 0% used [0x00000000fe280000,0x00000000fe280000,0x00000000ff100000)
 ParOldGen       total 201728K, used 17140K [0x00000000e0000000, 0x00000000ec500000, 0x00000000f5580000)
  object space 201728K, 8% used [0x00000000e0000000,0x00000000e10bd0d8,0x00000000ec500000)
 Metaspace       used 42878K, capacity 45006K, committed 45312K, reserved 1087488K
  class space    used 6088K, capacity 6557K, committed 6656K, reserved 1048576K
Event: 104.461 GC heap after
Heap after GC invocations=9 (full 2):
 PSYoungGen      total 159232K, used 11023K [0x00000000f5580000, 0x00000000fff80000, 0x0000000100000000)
  eden space 144384K, 0% used [0x00000000f5580000,0x00000000f5580000,0x00000000fe280000)
  from space 14848K, 74% used [0x00000000fe280000,0x00000000fed43f28,0x00000000ff100000)
  to   space 14848K, 0% used [0x00000000ff100000,0x00000000ff100000,0x00000000fff80000)
 ParOldGen       total 201728K, used 17148K [0x00000000e0000000, 0x00000000ec500000, 0x00000000f5580000)
  object space 201728K, 8% used [0x00000000e0000000,0x00000000e10bf0d8,0x00000000ec500000)
 Metaspace       used 42878K, capacity 45006K, committed 45312K, reserved 1087488K
  class space    used 6088K, capacity 6557K, committed 6656K, reserved 1048576K
}
Event: 114.093 GC heap before
{Heap before GC invocations=10 (full 2):
 PSYoungGen      total 159232K, used 155407K [0x00000000f5580000, 0x00000000fff80000, 0x0000000100000000)
  eden space 144384K, 100% used [0x00000000f5580000,0x00000000fe280000,0x00000000fe280000)
  from space 14848K, 74% used [0x00000000fe280000,0x00000000fed43f28,0x00000000ff100000)
  to   space 14848K, 0% used [0x00000000ff100000,0x00000000ff100000,0x00000000fff80000)
 ParOldGen       total 201728K, used 17148K [0x00000000e0000000, 0x00000000ec500000, 0x00000000f5580000)
  object space 201728K, 8% used [0x00000000e0000000,0x00000000e10bf0d8,0x00000000ec500000)
 Metaspace       used 49922K, capacity 52372K, committed 52608K, reserved 1093632K
  class space    used 6888K, capacity 7427K, committed 7552K, reserved 1048576K
Event: 114.470 GC heap after
Heap after GC invocations=10 (full 2):
 PSYoungGen      total 154624K, used 14829K [0x00000000f5580000, 0x0000000100000000, 0x0000000100000000)
  eden space 139776K, 0% used [0x00000000f5580000,0x00000000f5580000,0x00000000fde00000)
  from space 14848K, 99% used [0x00000000ff100000,0x00000000fff7b4d0,0x00000000fff80000)
  to   space 17408K, 0% used [0x00000000fde00000,0x00000000fde00000,0x00000000fef00000)
 ParOldGen       total 201728K, used 19334K [0x00000000e0000000, 0x00000000ec500000, 0x00000000f5580000)
  object space 201728K, 9% used [0x00000000e0000000,0x00000000e12e1a30,0x00000000ec500000)
 Metaspace       used 49922K, capacity 52372K, committed 52608K, reserved 1093632K
  class space    used 6888K, capacity 7427K, committed 7552K, reserved 1048576K
}
Event: 126.246 GC heap before
{Heap before GC invocations=11 (full 2):
 PSYoungGen      total 154624K, used 82910K [0x00000000f5580000, 0x0000000100000000, 0x0000000100000000)
  eden space 139776K, 48% used [0x00000000f5580000,0x00000000f97fc698,0x00000000fde00000)
  from space 14848K, 99% used [0x00000000ff100000,0x00000000fff7b4d0,0x00000000fff80000)
  to   space 17408K, 0% used [0x00000000fde00000,0x00000000fde00000,0x00000000fef00000)
 ParOldGen       total 201728K, used 19334K [0x00000000e0000000, 0x00000000ec500000, 0x00000000f5580000)
  object space 201728K, 9% used [0x00000000e0000000,0x00000000e12e1a30,0x00000000ec500000)
 Metaspace       used 56275K, capacity 58990K, committed 59096K, reserved 1099776K
  class space    used 7763K, capacity 8371K, committed 8448K, reserved 1048576K
Event: 126.798 GC heap after
Heap after GC invocations=11 (full 2):
 PSYoungGen      total 157184K, used 17379K [0x00000000f5580000, 0x0000000100000000, 0x0000000100000000)
  eden space 139776K, 0% used [0x00000000f5580000,0x00000000f5580000,0x00000000fde00000)
  from space 17408K, 99% used [0x00000000fde00000,0x00000000feef8e40,0x00000000fef00000)
  to   space 17408K, 0% used [0x00000000fef00000,0x00000000fef00000,0x0000000100000000)
 ParOldGen       total 201728K, used 21398K [0x00000000e0000000, 0x00000000ec500000, 0x00000000f5580000)
  object space 201728K, 10% used [0x00000000e0000000,0x00000000e14e5998,0x00000000ec500000)
 Metaspace       used 56275K, capacity 58990K, committed 59096K, reserved 1099776K
  class space    used 7763K, capacity 8371K, committed 8448K, reserved 1048576K
}
Event: 126.798 GC heap before
{Heap before GC invocations=12 (full 3):
 PSYoungGen      total 157184K, used 17379K [0x00000000f5580000, 0x0000000100000000, 0x0000000100000000)
  eden space 139776K, 0% used [0x00000000f5580000,0x00000000f5580000,0x00000000fde00000)
  from space 17408K, 99% used [0x00000000fde00000,0x00000000feef8e40,0x00000000fef00000)
  to   space 17408K, 0% used [0x00000000fef00000,0x00000000fef00000,0x0000000100000000)
 ParOldGen       total 201728K, used 21398K [0x00000000e0000000, 0x00000000ec500000, 0x00000000f5580000)
  object space 201728K, 10% used [0x00000000e0000000,0x00000000e14e5998,0x00000000ec500000)
 Metaspace       used 56275K, capacity 58990K, committed 59096K, reserved 1099776K
  class space    used 7763K, capacity 8371K, committed 8448K, reserved 1048576K
Event: 128.500 GC heap after
Heap after GC invocations=12 (full 3):
 PSYoungGen      total 157184K, used 0K [0x00000000f5580000, 0x0000000100000000, 0x0000000100000000)
  eden space 139776K, 0% used [0x00000000f5580000,0x00000000f5580000,0x00000000fde00000)
  from space 17408K, 0% used [0x00000000fde00000,0x00000000fde00000,0x00000000fef00000)
  to   space 17408K, 0% used [0x00000000fef00000,0x00000000fef00000,0x0000000100000000)
 ParOldGen       total 269824K, used 34281K [0x00000000e0000000, 0x00000000f0780000, 0x00000000f5580000)
  object space 269824K, 12% used [0x00000000e0000000,0x00000000e217a7f0,0x00000000f0780000)
 Metaspace       used 56186K, capacity 58870K, committed 59096K, reserved 1099776K
  class space    used 7739K, capacity 8331K, committed 8448K, reserved 1048576K
}

